#
# There is insufficient memory for the Java Runtime Environment to continue.
# Native memory allocation (malloc) failed to allocate 1001776 bytes for Chunk::new
# Possible reasons:
#   The system is out of physical RAM or swap space
#   The process is running with CompressedOops enabled, and the Java Heap may be blocking the growth of the native heap
# Possible solutions:
#   Reduce memory load on the system
#   Increase physical memory or swap space
#   Check if swap backing store is full
#   Decrease Java heap size (-Xmx/-Xms)
#   Decrease number of Java threads
#   Decrease Java thread stack sizes (-Xss)
#   Set larger code cache with -XX:ReservedCodeCacheSize=
#   JVM is running with Unscaled Compressed Oops mode in which the Java heap is
#     placed in the first 4GB address space. The Java Heap base address is the
#     maximum limit for the native heap growth. Please use -XX:HeapBaseMinAddress
#     to set the Java Heap base and to place the Java Heap above 4GB virtual address.
# This output file may be truncated or incomplete.
#
#  Out of Memory Error (./src/hotspot/share/memory/arena.cpp:197), pid=17664, tid=16016
#
# JRE version: OpenJDK Runtime Environment Temurin-11.0.17+8 (11.0.17+8) (build 11.0.17+8)
# Java VM: OpenJDK 64-Bit Server VM Temurin-11.0.17+8 (11.0.17+8, mixed mode, tiered, compressed oops, g1 gc, windows-amd64)
# No core dump will be written. Minidumps are not enabled by default on client versions of Windows
#

---------------  S U M M A R Y ------------

Command Line: org.jetbrains.kotlin.cli.jvm.K2JVMCompiler @D:\Fyp-Project-master\node_modules\react-native-screens\android\build\20230517_2696716222233142069.compiler.options

Host: Intel(R) Core(TM) i7-7500U CPU @ 2.70GHz, 4 cores, 7G,  Windows 10 , 64 bit Build 19041 (10.0.19041.2913)
Time: Wed May 17 03:20:43 2023 Pakistan Standard Time elapsed time: 79.112748 seconds (0d 0h 1m 19s)

---------------  T H R E A D  ---------------

Current thread (0x000001acca7cb800):  JavaThread "C2 CompilerThread0" daemon [_thread_in_native, id=16016, stack(0x0000008b9eb00000,0x0000008b9ec00000)]


Current CompileTask:
C2:  79112 12906       4       org.jetbrains.kotlin.resolve.calls.tower.TowerResolver::processTowerData (97 bytes)

Stack: [0x0000008b9eb00000,0x0000008b9ec00000]
Native frames: (J=compiled Java code, j=interpreted, Vv=VM code, C=native code)
V  [jvm.dll+0x61f5ba]
V  [jvm.dll+0x7abf79]
V  [jvm.dll+0x7ad668]
V  [jvm.dll+0x7add43]
V  [jvm.dll+0x24fd88]
V  [jvm.dll+0xc262c]
V  [jvm.dll+0xc2bec]
V  [jvm.dll+0x2c1c04]
V  [jvm.dll+0x52e31c]
V  [jvm.dll+0x2088c6]
V  [jvm.dll+0x20a924]
V  [jvm.dll+0x20803b]
V  [jvm.dll+0x18a3b1]
V  [jvm.dll+0x217a34]
V  [jvm.dll+0x215c7b]
V  [jvm.dll+0x76ea70]
V  [jvm.dll+0x7679a4]
V  [jvm.dll+0x61e425]
C  [ucrtbase.dll+0x21bb2]
C  [KERNEL32.DLL+0x17614]
C  [ntdll.dll+0x526a1]


---------------  P R O C E S S  ---------------

Threads class SMR info:
_java_thread_list=0x000001accb25cf20, length=10, elements={
0x000001acac075800, 0x000001acca7a6000, 0x000001acca7a7000, 0x000001acca7c5800,
0x000001acca7c7800, 0x000001acca7c8800, 0x000001acca7cb800, 0x000001acca7cd000,
0x000001acca7e6000, 0x000001accb279000
}

Java Threads: ( => current thread )
  0x000001acac075800 JavaThread "main" [_thread_in_Java, id=7668, stack(0x0000008b9df00000,0x0000008b9e000000)]
  0x000001acca7a6000 JavaThread "Reference Handler" daemon [_thread_blocked, id=14108, stack(0x0000008b9e600000,0x0000008b9e700000)]
  0x000001acca7a7000 JavaThread "Finalizer" daemon [_thread_blocked, id=4800, stack(0x0000008b9e700000,0x0000008b9e800000)]
  0x000001acca7c5800 JavaThread "Signal Dispatcher" daemon [_thread_blocked, id=13260, stack(0x0000008b9e800000,0x0000008b9e900000)]
  0x000001acca7c7800 JavaThread "Attach Listener" daemon [_thread_blocked, id=7404, stack(0x0000008b9e900000,0x0000008b9ea00000)]
  0x000001acca7c8800 JavaThread "Service Thread" daemon [_thread_blocked, id=9388, stack(0x0000008b9ea00000,0x0000008b9eb00000)]
=>0x000001acca7cb800 JavaThread "C2 CompilerThread0" daemon [_thread_in_native, id=16016, stack(0x0000008b9eb00000,0x0000008b9ec00000)]
  0x000001acca7cd000 JavaThread "C1 CompilerThread0" daemon [_thread_blocked, id=6820, stack(0x0000008b9ec00000,0x0000008b9ed00000)]
  0x000001acca7e6000 JavaThread "Sweeper thread" daemon [_thread_blocked, id=15752, stack(0x0000008b9ed00000,0x0000008b9ee00000)]
  0x000001accb279000 JavaThread "Common-Cleaner" daemon [_thread_blocked, id=16744, stack(0x0000008b9ef00000,0x0000008b9f000000)]

Other Threads:
  0x000001acca783000 VMThread "VM Thread" [stack: 0x0000008b9e500000,0x0000008b9e600000] [id=7820]
  0x000001accb26c000 WatcherThread [stack: 0x0000008b9ee00000,0x0000008b9ef00000] [id=6604]
  0x000001acac088800 GCTaskThread "GC Thread#0" [stack: 0x0000008b9e000000,0x0000008b9e100000] [id=3824]
  0x000001accb6f9000 GCTaskThread "GC Thread#1" [stack: 0x0000008b9f000000,0x0000008b9f100000] [id=9184]
  0x000001accb6ff000 GCTaskThread "GC Thread#2" [stack: 0x0000008b9f100000,0x0000008b9f200000] [id=14772]
  0x000001acac0b9800 ConcurrentGCThread "G1 Main Marker" [stack: 0x0000008b9e100000,0x0000008b9e200000] [id=18028]
  0x000001acac0bd000 ConcurrentGCThread "G1 Conc#0" [stack: 0x0000008b9e200000,0x0000008b9e300000] [id=14824]
  0x000001acac148000 ConcurrentGCThread "G1 Refine#0" [stack: 0x0000008b9e300000,0x0000008b9e400000] [id=18312]
  0x000001acac149000 ConcurrentGCThread "G1 Young RemSet Sampling" [stack: 0x0000008b9e400000,0x0000008b9e500000] [id=14812]

Threads with active compile tasks:
C2 CompilerThread0    79221 12906       4       org.jetbrains.kotlin.resolve.calls.tower.TowerResolver::processTowerData (97 bytes)

VM state:not at safepoint (normal execution)

VM Mutex/Monitor currently owned by a thread: None

Heap address: 0x0000000082000000, size: 2016 MB, Compressed Oops mode: 32-bit
Narrow klass base: 0x0000000000000000, Narrow klass shift: 3
Compressed class space size: 1073741824 Address: 0x0000000100000000

Heap:
 garbage-first heap   total 155648K, used 88767K [0x0000000082000000, 0x0000000100000000)
  region size 1024K, 6 young (6144K), 3 survivors (3072K)
 Metaspace       used 70648K, capacity 71519K, committed 71756K, reserved 1114112K
  class space    used 7666K, capacity 8026K, committed 8064K, reserved 1048576K
Heap Regions: E=young(eden), S=young(survivor), O=old, HS=humongous(starts), HC=humongous(continues), CS=collection set, F=free, A=archive, TAMS=top-at-mark-start (previous, next)
|   0|0x0000000082000000, 0x0000000082100000, 0x0000000082100000|100%|HS|  |TAMS 0x0000000082100000, 0x0000000082000000| Complete 
|   1|0x0000000082100000, 0x0000000082200000, 0x0000000082200000|100%|HC|  |TAMS 0x0000000082200000, 0x0000000082100000| Complete 
|   2|0x0000000082200000, 0x0000000082300000, 0x0000000082300000|100%|HC|  |TAMS 0x0000000082300000, 0x0000000082200000| Complete 
|   3|0x0000000082300000, 0x0000000082400000, 0x0000000082400000|100%| O|  |TAMS 0x0000000082400000, 0x0000000082300000| Updating 
|   4|0x0000000082400000, 0x0000000082500000, 0x0000000082500000|100%| O|  |TAMS 0x0000000082500000, 0x0000000082400000| Updating 
|   5|0x0000000082500000, 0x0000000082600000, 0x0000000082600000|100%|HS|  |TAMS 0x0000000082600000, 0x0000000082500000| Complete 
|   6|0x0000000082600000, 0x0000000082700000, 0x0000000082700000|100%|HC|  |TAMS 0x0000000082700000, 0x0000000082600000| Complete 
|   7|0x0000000082700000, 0x0000000082800000, 0x0000000082800000|100%|HC|  |TAMS 0x0000000082800000, 0x0000000082700000| Complete 
|   8|0x0000000082800000, 0x0000000082900000, 0x0000000082900000|100%|HS|  |TAMS 0x0000000082900000, 0x0000000082800000| Complete 
|   9|0x0000000082900000, 0x0000000082a00000, 0x0000000082a00000|100%|HC|  |TAMS 0x0000000082a00000, 0x0000000082900000| Complete 
|  10|0x0000000082a00000, 0x0000000082b00000, 0x0000000082b00000|100%| O|  |TAMS 0x0000000082b00000, 0x0000000082a00000| Updating 
|  11|0x0000000082b00000, 0x0000000082c00000, 0x0000000082c00000|100%| O|  |TAMS 0x0000000082c00000, 0x0000000082b00000| Updating 
|  12|0x0000000082c00000, 0x0000000082d00000, 0x0000000082d00000|100%| O|  |TAMS 0x0000000082d00000, 0x0000000082c00000| Updating 
|  13|0x0000000082d00000, 0x0000000082e00000, 0x0000000082e00000|100%| O|  |TAMS 0x0000000082e00000, 0x0000000082d00000| Updating 
|  14|0x0000000082e00000, 0x0000000082f00000, 0x0000000082f00000|100%| O|  |TAMS 0x0000000082f00000, 0x0000000082e00000| Updating 
|  15|0x0000000082f00000, 0x0000000083000000, 0x0000000083000000|100%| O|  |TAMS 0x0000000083000000, 0x0000000082f00000| Updating 
|  16|0x0000000083000000, 0x0000000083100000, 0x0000000083100000|100%| O|  |TAMS 0x0000000083100000, 0x0000000083000000| Updating 
|  17|0x0000000083100000, 0x0000000083200000, 0x0000000083200000|100%| O|  |TAMS 0x0000000083200000, 0x0000000083100000| Updating 
|  18|0x0000000083200000, 0x0000000083300000, 0x0000000083300000|100%| O|  |TAMS 0x0000000083300000, 0x0000000083200000| Updating 
|  19|0x0000000083300000, 0x0000000083400000, 0x0000000083400000|100%| O|  |TAMS 0x0000000083400000, 0x0000000083300000| Updating 
|  20|0x0000000083400000, 0x0000000083500000, 0x0000000083500000|100%| O|  |TAMS 0x0000000083500000, 0x0000000083400000| Updating 
|  21|0x0000000083500000, 0x0000000083600000, 0x0000000083600000|100%| O|  |TAMS 0x0000000083600000, 0x0000000083500000| Updating 
|  22|0x0000000083600000, 0x0000000083700000, 0x0000000083700000|100%| O|  |TAMS 0x0000000083700000, 0x0000000083600000| Updating 
|  23|0x0000000083700000, 0x0000000083800000, 0x0000000083800000|100%| O|  |TAMS 0x0000000083800000, 0x0000000083700000| Updating 
|  24|0x0000000083800000, 0x0000000083900000, 0x0000000083900000|100%| O|  |TAMS 0x0000000083900000, 0x0000000083800000| Updating 
|  25|0x0000000083900000, 0x0000000083a00000, 0x0000000083a00000|100%| O|  |TAMS 0x0000000083a00000, 0x0000000083900000| Updating 
|  26|0x0000000083a00000, 0x0000000083b00000, 0x0000000083b00000|100%| O|  |TAMS 0x0000000083b00000, 0x0000000083a00000| Updating 
|  27|0x0000000083b00000, 0x0000000083c00000, 0x0000000083c00000|100%| O|  |TAMS 0x0000000083c00000, 0x0000000083b00000| Updating 
|  28|0x0000000083c00000, 0x0000000083d00000, 0x0000000083d00000|100%| O|  |TAMS 0x0000000083d00000, 0x0000000083c00000| Updating 
|  29|0x0000000083d00000, 0x0000000083e00000, 0x0000000083e00000|100%| O|  |TAMS 0x0000000083e00000, 0x0000000083d00000| Updating 
|  30|0x0000000083e00000, 0x0000000083f00000, 0x0000000083f00000|100%| O|  |TAMS 0x0000000083f00000, 0x0000000083e00000| Updating 
|  31|0x0000000083f00000, 0x0000000084000000, 0x0000000084000000|100%| O|  |TAMS 0x0000000084000000, 0x0000000083f00000| Updating 
|  32|0x0000000084000000, 0x0000000084100000, 0x0000000084100000|100%| O|  |TAMS 0x0000000084100000, 0x0000000084000000| Updating 
|  33|0x0000000084100000, 0x0000000084200000, 0x0000000084200000|100%| O|  |TAMS 0x0000000084200000, 0x0000000084100000| Updating 
|  34|0x0000000084200000, 0x0000000084300000, 0x0000000084300000|100%| O|  |TAMS 0x0000000084300000, 0x0000000084200000| Updating 
|  35|0x0000000084300000, 0x0000000084400000, 0x0000000084400000|100%| O|  |TAMS 0x0000000084400000, 0x0000000084300000| Updating 
|  36|0x0000000084400000, 0x0000000084500000, 0x0000000084500000|100%| O|  |TAMS 0x0000000084500000, 0x0000000084400000| Updating 
|  37|0x0000000084500000, 0x0000000084600000, 0x0000000084600000|100%| O|  |TAMS 0x0000000084600000, 0x0000000084500000| Updating 
|  38|0x0000000084600000, 0x0000000084700000, 0x0000000084700000|100%| O|  |TAMS 0x0000000084700000, 0x0000000084600000| Updating 
|  39|0x0000000084700000, 0x0000000084800000, 0x0000000084800000|100%| O|  |TAMS 0x0000000084800000, 0x0000000084700000| Updating 
|  40|0x0000000084800000, 0x0000000084900000, 0x0000000084900000|100%| O|  |TAMS 0x0000000084900000, 0x0000000084800000| Updating 
|  41|0x0000000084900000, 0x0000000084a00000, 0x0000000084a00000|100%| O|  |TAMS 0x0000000084a00000, 0x0000000084900000| Updating 
|  42|0x0000000084a00000, 0x0000000084b00000, 0x0000000084b00000|100%| O|  |TAMS 0x0000000084b00000, 0x0000000084a00000| Updating 
|  43|0x0000000084b00000, 0x0000000084c00000, 0x0000000084c00000|100%| O|  |TAMS 0x0000000084c00000, 0x0000000084b00000| Updating 
|  44|0x0000000084c00000, 0x0000000084d00000, 0x0000000084d00000|100%| O|  |TAMS 0x0000000084d00000, 0x0000000084c00000| Updating 
|  45|0x0000000084d00000, 0x0000000084e00000, 0x0000000084e00000|100%| O|  |TAMS 0x0000000084e00000, 0x0000000084d00000| Updating 
|  46|0x0000000084e00000, 0x0000000084f00000, 0x0000000084f00000|100%| O|  |TAMS 0x0000000084f00000, 0x0000000084e00000| Updating 
|  47|0x0000000084f00000, 0x0000000085000000, 0x0000000085000000|100%| O|  |TAMS 0x0000000085000000, 0x0000000084f00000| Updating 
|  48|0x0000000085000000, 0x0000000085100000, 0x0000000085100000|100%| O|  |TAMS 0x0000000085100000, 0x0000000085000000| Updating 
|  49|0x0000000085100000, 0x0000000085200000, 0x0000000085200000|100%| O|  |TAMS 0x0000000085200000, 0x0000000085100000| Updating 
|  50|0x0000000085200000, 0x0000000085300000, 0x0000000085300000|100%| O|  |TAMS 0x0000000085300000, 0x0000000085200000| Updating 
|  51|0x0000000085300000, 0x0000000085400000, 0x0000000085400000|100%| O|  |TAMS 0x0000000085400000, 0x0000000085300000| Updating 
|  52|0x0000000085400000, 0x0000000085500000, 0x0000000085500000|100%| O|  |TAMS 0x0000000085500000, 0x0000000085400000| Updating 
|  53|0x0000000085500000, 0x0000000085600000, 0x0000000085600000|100%| O|  |TAMS 0x0000000085600000, 0x0000000085500000| Updating 
|  54|0x0000000085600000, 0x0000000085700000, 0x0000000085700000|100%| O|  |TAMS 0x0000000085700000, 0x0000000085600000| Updating 
|  55|0x0000000085700000, 0x0000000085800000, 0x0000000085800000|100%| O|  |TAMS 0x0000000085800000, 0x0000000085700000| Updating 
|  56|0x0000000085800000, 0x0000000085900000, 0x0000000085900000|100%| O|  |TAMS 0x0000000085900000, 0x0000000085800000| Updating 
|  57|0x0000000085900000, 0x0000000085a00000, 0x0000000085a00000|100%| O|  |TAMS 0x0000000085a00000, 0x0000000085900000| Updating 
|  58|0x0000000085a00000, 0x0000000085b00000, 0x0000000085b00000|100%| O|  |TAMS 0x0000000085b00000, 0x0000000085a00000| Updating 
|  59|0x0000000085b00000, 0x0000000085c00000, 0x0000000085c00000|100%| O|  |TAMS 0x0000000085c00000, 0x0000000085b00000| Updating 
|  60|0x0000000085c00000, 0x0000000085d00000, 0x0000000085d00000|100%| O|  |TAMS 0x0000000085d00000, 0x0000000085c00000| Updating 
|  61|0x0000000085d00000, 0x0000000085e00000, 0x0000000085e00000|100%| O|  |TAMS 0x0000000085e00000, 0x0000000085d00000| Updating 
|  62|0x0000000085e00000, 0x0000000085f00000, 0x0000000085f00000|100%| O|  |TAMS 0x0000000085f00000, 0x0000000085e00000| Updating 
|  63|0x0000000085f00000, 0x0000000086000000, 0x0000000086000000|100%| O|  |TAMS 0x0000000086000000, 0x0000000085f00000| Updating 
|  64|0x0000000086000000, 0x0000000086100000, 0x0000000086100000|100%| O|  |TAMS 0x0000000086100000, 0x0000000086000000| Updating 
|  65|0x0000000086100000, 0x0000000086200000, 0x0000000086200000|100%| O|  |TAMS 0x0000000086200000, 0x0000000086100000| Updating 
|  66|0x0000000086200000, 0x0000000086300000, 0x0000000086300000|100%| O|  |TAMS 0x0000000086300000, 0x0000000086200000| Updating 
|  67|0x0000000086300000, 0x0000000086400000, 0x0000000086400000|100%| O|  |TAMS 0x0000000086400000, 0x0000000086300000| Updating 
|  68|0x0000000086400000, 0x0000000086500000, 0x0000000086500000|100%| O|  |TAMS 0x0000000086500000, 0x0000000086400000| Updating 
|  69|0x0000000086500000, 0x0000000086600000, 0x0000000086600000|100%| O|  |TAMS 0x0000000086600000, 0x0000000086500000| Updating 
|  70|0x0000000086600000, 0x0000000086700000, 0x0000000086700000|100%| O|  |TAMS 0x0000000086700000, 0x0000000086600000| Updating 
|  71|0x0000000086700000, 0x0000000086800000, 0x0000000086800000|100%|HS|  |TAMS 0x0000000086800000, 0x0000000086700000| Complete 
|  72|0x0000000086800000, 0x0000000086900000, 0x0000000086900000|100%|HC|  |TAMS 0x0000000086900000, 0x0000000086800000| Complete 
|  73|0x0000000086900000, 0x0000000086a00000, 0x0000000086a00000|100%| O|  |TAMS 0x0000000086a00000, 0x0000000086900000| Updating 
|  74|0x0000000086a00000, 0x0000000086b00000, 0x0000000086b00000|100%| O|  |TAMS 0x0000000086b00000, 0x0000000086a00000| Updating 
|  75|0x0000000086b00000, 0x0000000086c00000, 0x0000000086c00000|100%| O|  |TAMS 0x0000000086c00000, 0x0000000086b00000| Updating 
|  76|0x0000000086c00000, 0x0000000086d00000, 0x0000000086d00000|100%| O|  |TAMS 0x0000000086d00000, 0x0000000086c00000| Updating 
|  77|0x0000000086d00000, 0x0000000086e00000, 0x0000000086e00000|100%| O|  |TAMS 0x0000000086e00000, 0x0000000086d00000| Updating 
|  78|0x0000000086e00000, 0x0000000086f00000, 0x0000000086f00000|100%| O|  |TAMS 0x0000000086f00000, 0x0000000086e00000| Updating 
|  79|0x0000000086f00000, 0x0000000087000000, 0x0000000087000000|100%| O|  |TAMS 0x0000000087000000, 0x0000000086f00000| Updating 
|  80|0x0000000087000000, 0x0000000087100000, 0x0000000087100000|100%| O|  |TAMS 0x0000000087100000, 0x0000000087000000| Updating 
|  81|0x0000000087100000, 0x0000000087200000, 0x0000000087200000|100%| O|  |TAMS 0x0000000087200000, 0x0000000087100000| Updating 
|  82|0x0000000087200000, 0x000000008725e200, 0x0000000087300000| 36%| O|  |TAMS 0x000000008725e200, 0x0000000087200000| Updating 
|  83|0x0000000087300000, 0x0000000087300000, 0x0000000087400000|  0%| F|  |TAMS 0x0000000087300000, 0x0000000087300000| Untracked 
|  84|0x0000000087400000, 0x0000000087400000, 0x0000000087500000|  0%| F|  |TAMS 0x0000000087400000, 0x0000000087400000| Untracked 
|  85|0x0000000087500000, 0x0000000087500000, 0x0000000087600000|  0%| F|  |TAMS 0x0000000087500000, 0x0000000087500000| Untracked 
|  86|0x0000000087600000, 0x0000000087600000, 0x0000000087700000|  0%| F|  |TAMS 0x0000000087600000, 0x0000000087600000| Untracked 
|  87|0x0000000087700000, 0x0000000087700000, 0x0000000087800000|  0%| F|  |TAMS 0x0000000087700000, 0x0000000087700000| Untracked 
|  88|0x0000000087800000, 0x0000000087800000, 0x0000000087900000|  0%| F|  |TAMS 0x0000000087800000, 0x0000000087800000| Untracked 
|  89|0x0000000087900000, 0x0000000087900000, 0x0000000087a00000|  0%| F|  |TAMS 0x0000000087900000, 0x0000000087900000| Untracked 
|  90|0x0000000087a00000, 0x0000000087a00000, 0x0000000087b00000|  0%| F|  |TAMS 0x0000000087a00000, 0x0000000087a00000| Untracked 
|  91|0x0000000087b00000, 0x0000000087b00000, 0x0000000087c00000|  0%| F|  |TAMS 0x0000000087b00000, 0x0000000087b00000| Untracked 
|  92|0x0000000087c00000, 0x0000000087c00000, 0x0000000087d00000|  0%| F|  |TAMS 0x0000000087c00000, 0x0000000087c00000| Untracked 
|  93|0x0000000087d00000, 0x0000000087d00000, 0x0000000087e00000|  0%| F|  |TAMS 0x0000000087d00000, 0x0000000087d00000| Untracked 
|  94|0x0000000087e00000, 0x0000000087e00000, 0x0000000087f00000|  0%| F|  |TAMS 0x0000000087e00000, 0x0000000087e00000| Untracked 
|  95|0x0000000087f00000, 0x0000000087f00000, 0x0000000088000000|  0%| F|  |TAMS 0x0000000087f00000, 0x0000000087f00000| Untracked 
|  96|0x0000000088000000, 0x0000000088000000, 0x0000000088100000|  0%| F|  |TAMS 0x0000000088000000, 0x0000000088000000| Untracked 
|  97|0x0000000088100000, 0x0000000088100000, 0x0000000088200000|  0%| F|  |TAMS 0x0000000088100000, 0x0000000088100000| Untracked 
|  98|0x0000000088200000, 0x0000000088251b30, 0x0000000088300000| 31%| S|CS|TAMS 0x0000000088200000, 0x0000000088200000| Complete 
|  99|0x0000000088300000, 0x0000000088300000, 0x0000000088400000|  0%| F|  |TAMS 0x0000000088300000, 0x0000000088300000| Untracked 
| 100|0x0000000088400000, 0x0000000088400000, 0x0000000088500000|  0%| F|  |TAMS 0x0000000088400000, 0x0000000088400000| Untracked 
| 101|0x0000000088500000, 0x0000000088600000, 0x0000000088600000|100%| S|CS|TAMS 0x0000000088500000, 0x0000000088500000| Complete 
| 102|0x0000000088600000, 0x0000000088700000, 0x0000000088700000|100%| S|CS|TAMS 0x0000000088600000, 0x0000000088600000| Complete 
| 103|0x0000000088700000, 0x0000000088700000, 0x0000000088800000|  0%| F|  |TAMS 0x0000000088700000, 0x0000000088700000| Untracked 
| 104|0x0000000088800000, 0x0000000088800000, 0x0000000088900000|  0%| F|  |TAMS 0x0000000088800000, 0x0000000088800000| Untracked 
| 105|0x0000000088900000, 0x0000000088900000, 0x0000000088a00000|  0%| F|  |TAMS 0x0000000088900000, 0x0000000088900000| Untracked 
| 106|0x0000000088a00000, 0x0000000088a00000, 0x0000000088b00000|  0%| F|  |TAMS 0x0000000088a00000, 0x0000000088a00000| Untracked 
| 107|0x0000000088b00000, 0x0000000088b00000, 0x0000000088c00000|  0%| F|  |TAMS 0x0000000088b00000, 0x0000000088b00000| Untracked 
| 108|0x0000000088c00000, 0x0000000088c00000, 0x0000000088d00000|  0%| F|  |TAMS 0x0000000088c00000, 0x0000000088c00000| Untracked 
| 109|0x0000000088d00000, 0x0000000088d00000, 0x0000000088e00000|  0%| F|  |TAMS 0x0000000088d00000, 0x0000000088d00000| Untracked 
| 110|0x0000000088e00000, 0x0000000088e00000, 0x0000000088f00000|  0%| F|  |TAMS 0x0000000088e00000, 0x0000000088e00000| Untracked 
| 111|0x0000000088f00000, 0x0000000088f00000, 0x0000000089000000|  0%| F|  |TAMS 0x0000000088f00000, 0x0000000088f00000| Untracked 
| 112|0x0000000089000000, 0x0000000089000000, 0x0000000089100000|  0%| F|  |TAMS 0x0000000089000000, 0x0000000089000000| Untracked 
| 113|0x0000000089100000, 0x0000000089100000, 0x0000000089200000|  0%| F|  |TAMS 0x0000000089100000, 0x0000000089100000| Untracked 
| 114|0x0000000089200000, 0x0000000089200000, 0x0000000089300000|  0%| F|  |TAMS 0x0000000089200000, 0x0000000089200000| Untracked 
| 115|0x0000000089300000, 0x0000000089300000, 0x0000000089400000|  0%| F|  |TAMS 0x0000000089300000, 0x0000000089300000| Untracked 
| 116|0x0000000089400000, 0x0000000089400000, 0x0000000089500000|  0%| F|  |TAMS 0x0000000089400000, 0x0000000089400000| Untracked 
| 117|0x0000000089500000, 0x0000000089500000, 0x0000000089600000|  0%| F|  |TAMS 0x0000000089500000, 0x0000000089500000| Untracked 
| 118|0x0000000089600000, 0x0000000089600000, 0x0000000089700000|  0%| F|  |TAMS 0x0000000089600000, 0x0000000089600000| Untracked 
| 119|0x0000000089700000, 0x0000000089700000, 0x0000000089800000|  0%| F|  |TAMS 0x0000000089700000, 0x0000000089700000| Untracked 
| 120|0x0000000089800000, 0x0000000089800000, 0x0000000089900000|  0%| F|  |TAMS 0x0000000089800000, 0x0000000089800000| Untracked 
| 121|0x0000000089900000, 0x0000000089900000, 0x0000000089a00000|  0%| F|  |TAMS 0x0000000089900000, 0x0000000089900000| Untracked 
| 122|0x0000000089a00000, 0x0000000089a00000, 0x0000000089b00000|  0%| F|  |TAMS 0x0000000089a00000, 0x0000000089a00000| Untracked 
| 123|0x0000000089b00000, 0x0000000089b00000, 0x0000000089c00000|  0%| F|  |TAMS 0x0000000089b00000, 0x0000000089b00000| Untracked 
| 124|0x0000000089c00000, 0x0000000089c00000, 0x0000000089d00000|  0%| F|  |TAMS 0x0000000089c00000, 0x0000000089c00000| Untracked 
| 125|0x0000000089d00000, 0x0000000089d00000, 0x0000000089e00000|  0%| F|  |TAMS 0x0000000089d00000, 0x0000000089d00000| Untracked 
| 126|0x0000000089e00000, 0x0000000089e00000, 0x0000000089f00000|  0%| F|  |TAMS 0x0000000089e00000, 0x0000000089e00000| Untracked 
| 127|0x0000000089f00000, 0x0000000089f00000, 0x000000008a000000|  0%| F|  |TAMS 0x0000000089f00000, 0x0000000089f00000| Untracked 
| 128|0x000000008a000000, 0x000000008a000000, 0x000000008a100000|  0%| F|  |TAMS 0x000000008a000000, 0x000000008a000000| Untracked 
| 129|0x000000008a100000, 0x000000008a100000, 0x000000008a200000|  0%| F|  |TAMS 0x000000008a100000, 0x000000008a100000| Untracked 
| 130|0x000000008a200000, 0x000000008a200000, 0x000000008a300000|  0%| F|  |TAMS 0x000000008a200000, 0x000000008a200000| Untracked 
| 131|0x000000008a300000, 0x000000008a300000, 0x000000008a400000|  0%| F|  |TAMS 0x000000008a300000, 0x000000008a300000| Untracked 
| 132|0x000000008a400000, 0x000000008a400000, 0x000000008a500000|  0%| F|  |TAMS 0x000000008a400000, 0x000000008a400000| Untracked 
| 133|0x000000008a500000, 0x000000008a500000, 0x000000008a600000|  0%| F|  |TAMS 0x000000008a500000, 0x000000008a500000| Untracked 
| 134|0x000000008a600000, 0x000000008a600000, 0x000000008a700000|  0%| F|  |TAMS 0x000000008a600000, 0x000000008a600000| Untracked 
| 135|0x000000008a700000, 0x000000008a700000, 0x000000008a800000|  0%| F|  |TAMS 0x000000008a700000, 0x000000008a700000| Untracked 
| 136|0x000000008a800000, 0x000000008a800000, 0x000000008a900000|  0%| F|  |TAMS 0x000000008a800000, 0x000000008a800000| Untracked 
| 137|0x000000008a900000, 0x000000008a900000, 0x000000008aa00000|  0%| F|  |TAMS 0x000000008a900000, 0x000000008a900000| Untracked 
| 138|0x000000008aa00000, 0x000000008aa00000, 0x000000008ab00000|  0%| F|  |TAMS 0x000000008aa00000, 0x000000008aa00000| Untracked 
| 139|0x000000008ab00000, 0x000000008ab00000, 0x000000008ac00000|  0%| F|  |TAMS 0x000000008ab00000, 0x000000008ab00000| Untracked 
| 140|0x000000008ac00000, 0x000000008ac00000, 0x000000008ad00000|  0%| F|  |TAMS 0x000000008ac00000, 0x000000008ac00000| Untracked 
| 141|0x000000008ad00000, 0x000000008ad00000, 0x000000008ae00000|  0%| F|  |TAMS 0x000000008ad00000, 0x000000008ad00000| Untracked 
| 142|0x000000008ae00000, 0x000000008ae00000, 0x000000008af00000|  0%| F|  |TAMS 0x000000008ae00000, 0x000000008ae00000| Untracked 
| 143|0x000000008af00000, 0x000000008af00000, 0x000000008b000000|  0%| F|  |TAMS 0x000000008af00000, 0x000000008af00000| Untracked 
| 144|0x000000008b000000, 0x000000008b000000, 0x000000008b100000|  0%| F|  |TAMS 0x000000008b000000, 0x000000008b000000| Untracked 
| 145|0x000000008b100000, 0x000000008b100000, 0x000000008b200000|  0%| F|  |TAMS 0x000000008b100000, 0x000000008b100000| Untracked 
| 146|0x000000008b200000, 0x000000008b200000, 0x000000008b300000|  0%| F|  |TAMS 0x000000008b200000, 0x000000008b200000| Untracked 
| 147|0x000000008b300000, 0x000000008b300000, 0x000000008b400000|  0%| F|  |TAMS 0x000000008b300000, 0x000000008b300000| Untracked 
| 148|0x000000008b400000, 0x000000008b400000, 0x000000008b500000|  0%| F|  |TAMS 0x000000008b400000, 0x000000008b400000| Untracked 
| 149|0x000000008b500000, 0x000000008b600000, 0x000000008b600000|100%| E|  |TAMS 0x000000008b500000, 0x000000008b500000| Complete 
| 150|0x000000008b600000, 0x000000008b700000, 0x000000008b700000|100%| E|CS|TAMS 0x000000008b600000, 0x000000008b600000| Complete 
| 151|0x000000008b700000, 0x000000008b800000, 0x000000008b800000|100%| E|CS|TAMS 0x000000008b700000, 0x000000008b700000| Complete 

Card table byte_map: [0x000001acc3be0000,0x000001acc3fd0000] _byte_map_base: 0x000001acc37d0000

Marking Bits (Prev, Next): (CMBitMap*) 0x000001acac0b0cd8, (CMBitMap*) 0x000001acac0b0d10
 Prev Bits: [0x000001acc43c0000, 0x000001acc6340000)
 Next Bits: [0x000001acc6340000, 0x000001acc82c0000)

Polling page: 0x000001acaa220000

Metaspace:

Usage:
  Non-class:     62.00 MB capacity,    61.51 MB (>99%) used,   378.47 KB ( <1%) free+waste,   128.00 KB ( <1%) overhead. 
      Class:      7.84 MB capacity,     7.49 MB ( 96%) used,   305.32 KB (  4%) free+waste,    54.56 KB ( <1%) overhead. 
       Both:     69.84 MB capacity,    69.00 MB ( 99%) used,   683.79 KB ( <1%) free+waste,   182.56 KB ( <1%) overhead. 

Virtual space:
  Non-class space:       64.00 MB reserved,      62.20 MB ( 97%) committed 
      Class space:        1.00 GB reserved,       7.88 MB ( <1%) committed 
             Both:        1.06 GB reserved,      70.07 MB (  6%) committed 

Chunk freelists:
   Non-Class:  7.00 KB
       Class:  6.00 KB
        Both:  13.00 KB

MaxMetaspaceSize: 17179869184.00 GB
CompressedClassSpaceSize: 1.00 GB
Initial GC threshold: 20.80 MB
Current GC threshold: 116.38 MB
CDS: off

CodeHeap 'non-profiled nmethods': size=120064Kb used=7476Kb max_used=7476Kb free=112588Kb
 bounds [0x000001acbc2b0000, 0x000001acbca00000, 0x000001acc37f0000]
CodeHeap 'profiled nmethods': size=120000Kb used=37836Kb max_used=37836Kb free=82163Kb
 bounds [0x000001acb4d80000, 0x000001acb7280000, 0x000001acbc2b0000]
CodeHeap 'non-nmethods': size=5696Kb used=1310Kb max_used=1350Kb free=4385Kb
 bounds [0x000001acb47f0000, 0x000001acb4a60000, 0x000001acb4d80000]
 total_blobs=13343 nmethods=12749 adapters=502
 compilation: enabled
              stopped_count=0, restarted_count=0
 full_count=0

Compilation events (20 events):
Event: 78.964 Thread 0x000001acca7cd000 12919       3       org.jetbrains.kotlin.types.expressions.ExpressionTypingVisitorDispatcher$ForDeclarations::visitConstantExpression (10 bytes)
Event: 78.965 Thread 0x000001acca7cd000 nmethod 12919 0x000001acb7260d10 code [0x000001acb7260ee0, 0x000001acb72611f8]
Event: 78.967 Thread 0x000001acca7cb800 nmethod 12901 0x000001acbc9f9890 code [0x000001acbc9f9a40, 0x000001acbc9f9f18]
Event: 78.967 Thread 0x000001acca7cb800 12906       4       org.jetbrains.kotlin.resolve.calls.tower.TowerResolver::processTowerData (97 bytes)
Event: 78.988 Thread 0x000001acca7cd000 12920       1       org.jetbrains.kotlin.synthetic.JavaSyntheticPropertiesScope$MyPropertyDescriptor::access$setSetMethod$p (6 bytes)
Event: 78.988 Thread 0x000001acca7cd000 nmethod 12920 0x000001acbc9fa290 code [0x000001acbc9fa440, 0x000001acbc9fa538]
Event: 79.020 Thread 0x000001acca7cd000 12921       1       org.jetbrains.kotlin.resolve.deprecation.DeprecatedByAnnotation::getAnnotation (5 bytes)
Event: 79.021 Thread 0x000001acca7cd000 nmethod 12921 0x000001acbc9fa610 code [0x000001acbc9fa7c0, 0x000001acbc9fa878]
Event: 79.031 Thread 0x000001acca7cd000 12924       1       org.jetbrains.kotlin.psi.KtProperty::getValueParameterList (2 bytes)
Event: 79.031 Thread 0x000001acca7cd000 nmethod 12924 0x000001acbc9fa910 code [0x000001acbc9faac0, 0x000001acbc9fab78]
Event: 79.031 Thread 0x000001acca7cd000 12925       3       org.jetbrains.kotlin.resolve.AnnotationChecker::checkPropertyUseSiteTargetAnnotations$getDescriptors (163 bytes)
Event: 79.033 Thread 0x000001acca7cd000 nmethod 12925 0x000001acb7261390 code [0x000001acb7261680, 0x000001acb7262818]
Event: 79.033 Thread 0x000001acca7cd000 12926       3       org.jetbrains.kotlin.psi.KtProperty::getValueParameters (12 bytes)
Event: 79.033 Thread 0x000001acca7cd000 nmethod 12926 0x000001acb7262e10 code [0x000001acb7262fc0, 0x000001acb7263138]
Event: 79.047 Thread 0x000001acca7cd000 12928       3       org.jetbrains.kotlin.builtins.KotlinBuiltIns::isAny (17 bytes)
Event: 79.047 Thread 0x000001acca7cd000 nmethod 12928 0x000001acb7263210 code [0x000001acb72633e0, 0x000001acb7263578]
Event: 79.059 Thread 0x000001acca7cd000 12929       3       org.jetbrains.kotlin.resolve.OverridingUtilTypeSystemContext::isStubTypeForBuilderInference (6 bytes)
Event: 79.059 Thread 0x000001acca7cd000 nmethod 12929 0x000001acb7263610 code [0x000001acb72637c0, 0x000001acb72638e8]
Event: 79.059 Thread 0x000001acca7cd000 12930       3       org.jetbrains.kotlin.resolve.OverridingUtilTypeSystemContext::asCapturedType (6 bytes)
Event: 79.059 Thread 0x000001acca7cd000 nmethod 12930 0x000001acb7263990 code [0x000001acb7263b40, 0x000001acb7263c68]

GC Heap History (20 events):
Event: 58.028 GC heap before
{Heap before GC invocations=11 (full 0):
 garbage-first heap   total 129024K, used 96726K [0x0000000082000000, 0x0000000100000000)
  region size 1024K, 52 young (53248K), 7 survivors (7168K)
 Metaspace       used 61529K, capacity 62310K, committed 62668K, reserved 1103872K
  class space    used 6983K, capacity 7304K, committed 7424K, reserved 1048576K
}
Event: 58.069 GC heap after
{Heap after GC invocations=12 (full 0):
 garbage-first heap   total 129024K, used 58368K [0x0000000082000000, 0x0000000100000000)
  region size 1024K, 7 young (7168K), 7 survivors (7168K)
 Metaspace       used 61529K, capacity 62310K, committed 62668K, reserved 1103872K
  class space    used 6983K, capacity 7304K, committed 7424K, reserved 1048576K
}
Event: 59.404 GC heap before
{Heap before GC invocations=12 (full 0):
 garbage-first heap   total 129024K, used 99328K [0x0000000082000000, 0x0000000100000000)
  region size 1024K, 47 young (48128K), 7 survivors (7168K)
 Metaspace       used 62125K, capacity 62970K, committed 63180K, reserved 1105920K
  class space    used 7026K, capacity 7374K, committed 7424K, reserved 1048576K
}
Event: 59.432 GC heap after
{Heap after GC invocations=13 (full 0):
 garbage-first heap   total 129024K, used 62383K [0x0000000082000000, 0x0000000100000000)
  region size 1024K, 4 young (4096K), 4 survivors (4096K)
 Metaspace       used 62125K, capacity 62970K, committed 63180K, reserved 1105920K
  class space    used 7026K, capacity 7374K, committed 7424K, reserved 1048576K
}
Event: 60.627 GC heap before
{Heap before GC invocations=13 (full 0):
 garbage-first heap   total 129024K, used 101295K [0x0000000082000000, 0x0000000100000000)
  region size 1024K, 42 young (43008K), 4 survivors (4096K)
 Metaspace       used 63003K, capacity 63835K, committed 64076K, reserved 1105920K
  class space    used 7114K, capacity 7449K, committed 7552K, reserved 1048576K
}
Event: 60.641 GC heap after
{Heap after GC invocations=14 (full 0):
 garbage-first heap   total 129024K, used 63480K [0x0000000082000000, 0x0000000100000000)
  region size 1024K, 5 young (5120K), 5 survivors (5120K)
 Metaspace       used 63003K, capacity 63835K, committed 64076K, reserved 1105920K
  class space    used 7114K, capacity 7449K, committed 7552K, reserved 1048576K
}
Event: 63.688 GC heap before
{Heap before GC invocations=15 (full 0):
 garbage-first heap   total 129024K, used 93176K [0x0000000082000000, 0x0000000100000000)
  region size 1024K, 35 young (35840K), 5 survivors (5120K)
 Metaspace       used 66136K, capacity 66964K, committed 67148K, reserved 1107968K
  class space    used 7358K, capacity 7702K, committed 7808K, reserved 1048576K
}
Event: 63.707 GC heap after
{Heap after GC invocations=16 (full 0):
 garbage-first heap   total 129024K, used 67425K [0x0000000082000000, 0x0000000100000000)
  region size 1024K, 6 young (6144K), 6 survivors (6144K)
 Metaspace       used 66136K, capacity 66964K, committed 67148K, reserved 1107968K
  class space    used 7358K, capacity 7702K, committed 7808K, reserved 1048576K
}
Event: 66.888 GC heap before
{Heap before GC invocations=17 (full 0):
 garbage-first heap   total 129024K, used 104289K [0x0000000082000000, 0x0000000100000000)
  region size 1024K, 41 young (41984K), 6 survivors (6144K)
 Metaspace       used 68581K, capacity 69511K, committed 69708K, reserved 1112064K
  class space    used 7590K, capacity 7945K, committed 8064K, reserved 1048576K
}
Event: 66.918 GC heap after
{Heap after GC invocations=18 (full 0):
 garbage-first heap   total 129024K, used 72216K [0x0000000082000000, 0x0000000100000000)
  region size 1024K, 5 young (5120K), 5 survivors (5120K)
 Metaspace       used 68581K, capacity 69511K, committed 69708K, reserved 1112064K
  class space    used 7590K, capacity 7945K, committed 8064K, reserved 1048576K
}
Event: 69.095 GC heap before
{Heap before GC invocations=18 (full 0):
 garbage-first heap   total 129024K, used 95768K [0x0000000082000000, 0x0000000100000000)
  region size 1024K, 29 young (29696K), 5 survivors (5120K)
 Metaspace       used 69364K, capacity 70280K, committed 70476K, reserved 1112064K
  class space    used 7630K, capacity 7984K, committed 8064K, reserved 1048576K
}
Event: 69.110 GC heap after
{Heap after GC invocations=19 (full 0):
 garbage-first heap   total 129024K, used 74930K [0x0000000082000000, 0x0000000100000000)
  region size 1024K, 3 young (3072K), 3 survivors (3072K)
 Metaspace       used 69364K, capacity 70280K, committed 70476K, reserved 1112064K
  class space    used 7630K, capacity 7984K, committed 8064K, reserved 1048576K
}
Event: 71.019 GC heap before
{Heap before GC invocations=20 (full 0):
 garbage-first heap   total 129024K, used 105650K [0x0000000082000000, 0x0000000100000000)
  region size 1024K, 31 young (31744K), 3 survivors (3072K)
 Metaspace       used 69690K, capacity 70600K, committed 70732K, reserved 1112064K
  class space    used 7643K, capacity 8021K, committed 8064K, reserved 1048576K
}
Event: 71.032 GC heap after
{Heap after GC invocations=21 (full 0):
 garbage-first heap   total 129024K, used 78848K [0x0000000082000000, 0x0000000100000000)
  region size 1024K, 4 young (4096K), 4 survivors (4096K)
 Metaspace       used 69690K, capacity 70600K, committed 70732K, reserved 1112064K
  class space    used 7643K, capacity 8021K, committed 8064K, reserved 1048576K
}
Event: 73.665 GC heap before
{Heap before GC invocations=21 (full 0):
 garbage-first heap   total 129024K, used 106496K [0x0000000082000000, 0x0000000100000000)
  region size 1024K, 31 young (31744K), 4 survivors (4096K)
 Metaspace       used 69962K, capacity 70857K, committed 70988K, reserved 1112064K
  class space    used 7646K, capacity 8021K, committed 8064K, reserved 1048576K
}
Event: 73.682 GC heap after
{Heap after GC invocations=22 (full 0):
 garbage-first heap   total 129024K, used 81779K [0x0000000082000000, 0x0000000100000000)
  region size 1024K, 3 young (3072K), 3 survivors (3072K)
 Metaspace       used 69962K, capacity 70857K, committed 70988K, reserved 1112064K
  class space    used 7646K, capacity 8021K, committed 8064K, reserved 1048576K
}
Event: 76.975 GC heap before
{Heap before GC invocations=23 (full 0):
 garbage-first heap   total 129024K, used 107379K [0x0000000082000000, 0x0000000100000000)
  region size 1024K, 28 young (28672K), 3 survivors (3072K)
 Metaspace       used 70269K, capacity 71178K, committed 71244K, reserved 1112064K
  class space    used 7649K, capacity 8021K, committed 8064K, reserved 1048576K
}
Event: 76.991 GC heap after
{Heap after GC invocations=24 (full 0):
 garbage-first heap   total 129024K, used 84206K [0x0000000082000000, 0x0000000100000000)
  region size 1024K, 3 young (3072K), 3 survivors (3072K)
 Metaspace       used 70269K, capacity 71178K, committed 71244K, reserved 1112064K
  class space    used 7649K, capacity 8021K, committed 8064K, reserved 1048576K
}
Event: 78.849 GC heap before
{Heap before GC invocations=24 (full 0):
 garbage-first heap   total 129024K, used 107758K [0x0000000082000000, 0x0000000100000000)
  region size 1024K, 26 young (26624K), 3 survivors (3072K)
 Metaspace       used 70554K, capacity 71450K, committed 71500K, reserved 1112064K
  class space    used 7656K, capacity 8024K, committed 8064K, reserved 1048576K
}
Event: 78.873 GC heap after
{Heap after GC invocations=25 (full 0):
 garbage-first heap   total 155648K, used 86719K [0x0000000082000000, 0x0000000100000000)
  region size 1024K, 3 young (3072K), 3 survivors (3072K)
 Metaspace       used 70554K, capacity 71450K, committed 71500K, reserved 1112064K
  class space    used 7656K, capacity 8024K, committed 8064K, reserved 1048576K
}

Deoptimization events (20 events):
Event: 78.542 Thread 0x000001acac075800 Uncommon trap: trap_request=0xffffff6e fr.pc=0x000001acbc9dd6f4 relative=0x0000000000005d14
Event: 78.542 Thread 0x000001acac075800 Uncommon trap: reason=speculate_class_check action=maybe_recompile pc=0x000001acbc9dd6f4 method=org.jetbrains.kotlin.types.model.TypeSystemCommonSuperTypesContext$DefaultImpls.typeDepth(Lorg/jetbrains/kotlin/types/model/TypeSystemCommonSuperTypesContext;L
Event: 78.542 Thread 0x000001acac075800 DEOPT PACKING pc=0x000001acbc9dd6f4 sp=0x0000008b9dff9c60
Event: 78.542 Thread 0x000001acac075800 DEOPT UNPACKING pc=0x000001acb483a1af sp=0x0000008b9dff98b0 mode 2
Event: 78.829 Thread 0x000001acac075800 Uncommon trap: trap_request=0xffffff6e fr.pc=0x000001acbc9f1c2c relative=0x0000000000001a0c
Event: 78.829 Thread 0x000001acac075800 Uncommon trap: reason=speculate_class_check action=maybe_recompile pc=0x000001acbc9f1c2c method=org.jetbrains.kotlin.resolve.descriptorUtil.AnnotationsForResolveUtilsKt.hasNoInferAnnotation(Lorg/jetbrains/kotlin/types/KotlinType;)Z @ 7 c2
Event: 78.829 Thread 0x000001acac075800 DEOPT PACKING pc=0x000001acbc9f1c2c sp=0x0000008b9dffae80
Event: 78.829 Thread 0x000001acac075800 DEOPT UNPACKING pc=0x000001acb483a1af sp=0x0000008b9dffa910 mode 2
Event: 78.829 Thread 0x000001acac075800 Uncommon trap: trap_request=0xffffff6e fr.pc=0x000001acbc9f1c2c relative=0x0000000000001a0c
Event: 78.829 Thread 0x000001acac075800 Uncommon trap: reason=speculate_class_check action=maybe_recompile pc=0x000001acbc9f1c2c method=org.jetbrains.kotlin.resolve.descriptorUtil.AnnotationsForResolveUtilsKt.hasNoInferAnnotation(Lorg/jetbrains/kotlin/types/KotlinType;)Z @ 7 c2
Event: 78.829 Thread 0x000001acac075800 DEOPT PACKING pc=0x000001acbc9f1c2c sp=0x0000008b9dffae80
Event: 78.829 Thread 0x000001acac075800 DEOPT UNPACKING pc=0x000001acb483a1af sp=0x0000008b9dffa910 mode 2
Event: 78.897 Thread 0x000001acac075800 Uncommon trap: trap_request=0xffffff6e fr.pc=0x000001acbc9f1c2c relative=0x0000000000001a0c
Event: 78.897 Thread 0x000001acac075800 Uncommon trap: reason=speculate_class_check action=maybe_recompile pc=0x000001acbc9f1c2c method=org.jetbrains.kotlin.resolve.descriptorUtil.AnnotationsForResolveUtilsKt.hasNoInferAnnotation(Lorg/jetbrains/kotlin/types/KotlinType;)Z @ 7 c2
Event: 78.897 Thread 0x000001acac075800 DEOPT PACKING pc=0x000001acbc9f1c2c sp=0x0000008b9dff9aa0
Event: 78.897 Thread 0x000001acac075800 DEOPT UNPACKING pc=0x000001acb483a1af sp=0x0000008b9dff9530 mode 2
Event: 78.897 Thread 0x000001acac075800 Uncommon trap: trap_request=0xffffff6e fr.pc=0x000001acbc9f1c2c relative=0x0000000000001a0c
Event: 78.897 Thread 0x000001acac075800 Uncommon trap: reason=speculate_class_check action=maybe_recompile pc=0x000001acbc9f1c2c method=org.jetbrains.kotlin.resolve.descriptorUtil.AnnotationsForResolveUtilsKt.hasNoInferAnnotation(Lorg/jetbrains/kotlin/types/KotlinType;)Z @ 7 c2
Event: 78.898 Thread 0x000001acac075800 DEOPT PACKING pc=0x000001acbc9f1c2c sp=0x0000008b9dff9aa0
Event: 78.898 Thread 0x000001acac075800 DEOPT UNPACKING pc=0x000001acb483a1af sp=0x0000008b9dff9530 mode 2

Classes redefined (0 events):
No events

Internal exceptions (20 events):
Event: 58.836 Thread 0x000001acac075800 Implicit null exception at 0x000001acbc51ab3a to 0x000001acbc51c834
Event: 58.836 Thread 0x000001acac075800 Implicit null exception at 0x000001acbc51ab3a to 0x000001acbc51c834
Event: 58.836 Thread 0x000001acac075800 Implicit null exception at 0x000001acbc51ab3a to 0x000001acbc51c834
Event: 58.836 Thread 0x000001acac075800 Implicit null exception at 0x000001acbc51ab3a to 0x000001acbc51c834
Event: 58.836 Thread 0x000001acac075800 Implicit null exception at 0x000001acbc4d459b to 0x000001acbc4d90e0
Event: 59.618 Thread 0x000001acac075800 Implicit null exception at 0x000001acbc30afde to 0x000001acbc30b74a
Event: 60.030 Thread 0x000001acac075800 Exception <a 'java/lang/NoSuchMethodError'{0x0000000088060900}: 'java.lang.Object java.lang.invoke.Invokers$Holder.linkToTargetMethod(java.lang.Object, java.lang.Object, java.lang.Object, java.lang.Object, java.lang.Object, java.lang.Object, java.lang.Object)'> (0x0000000088060900) thrown at [./src/hotspot/share/interpreter/linkResolver.cpp, line 773]
Event: 60.727 Thread 0x000001acac075800 Exception <a 'java/lang/NoSuchMethodError'{0x0000000089d83e80}: 'java.lang.Object java.lang.invoke.Invokers$Holder.linkToTargetMethod(java.lang.Object, java.lang.Object, java.lang.Object, int, int, java.lang.Object)'> (0x0000000089d83e80) thrown at [./src/hotspot/share/interpreter/linkResolver.cpp, line 773]
Event: 60.730 Thread 0x000001acac075800 Implicit null exception at 0x000001acbc6e38df to 0x000001acbc6eba78
Event: 60.764 Thread 0x000001acac075800 Implicit null exception at 0x000001acbc6dc005 to 0x000001acbc6dc2f0
Event: 61.972 Thread 0x000001acac075800 Implicit null exception at 0x000001acbc308a75 to 0x000001acbc308c3c
Event: 62.016 Thread 0x000001acac075800 Exception <a 'java/lang/NoSuchMethodError'{0x0000000089437208}: 'int java.lang.invoke.DirectMethodHandle$Holder.invokeStaticInit(java.lang.Object, int)'> (0x0000000089437208) thrown at [./src/hotspot/share/interpreter/linkResolver.cpp, line 773]
Event: 62.057 Thread 0x000001acac075800 Implicit null exception at 0x000001acbc6723a7 to 0x000001acbc673868
Event: 62.134 Thread 0x000001acac075800 Exception <a 'java/lang/NoSuchMethodError'{0x00000000893257d0}: 'java.lang.Object java.lang.invoke.DirectMethodHandle$Holder.invokeInterface(java.lang.Object, java.lang.Object, java.lang.Object)'> (0x00000000893257d0) thrown at [./src/hotspot/share/interpreter/linkResolver.cpp, line 773]
Event: 62.134 Thread 0x000001acac075800 Exception <a 'java/lang/IncompatibleClassChangeError'{0x0000000089328a00}: Found class java.lang.Object, but interface was expected> (0x0000000089328a00) thrown at [./src/hotspot/share/interpreter/linkResolver.cpp, line 839]
Event: 63.487 Thread 0x000001acac075800 Implicit null exception at 0x000001acbc2ca977 to 0x000001acbc2cae84
Event: 63.529 Thread 0x000001acac075800 Implicit null exception at 0x000001acbc2cb974 to 0x000001acbc2cbe54
Event: 64.792 Thread 0x000001acac075800 Implicit null exception at 0x000001acbc72c7ac to 0x000001acbc73480c
Event: 66.652 Thread 0x000001acac075800 Implicit null exception at 0x000001acbc6006fc to 0x000001acbc601914
Event: 67.163 Thread 0x000001acac075800 Implicit null exception at 0x000001acbc606a7b to 0x000001acbc606d20

Events (20 events):
Event: 77.254 loading class org/jetbrains/kotlin/load/java/components/JavaAnnotationTargetMapper$mapJavaTargetArguments$1
Event: 77.254 loading class org/jetbrains/kotlin/load/java/components/JavaAnnotationTargetMapper$mapJavaTargetArguments$1 done
Event: 77.661 loading class org/jetbrains/kotlin/resolve/constants/DoubleValue
Event: 77.661 loading class org/jetbrains/kotlin/resolve/constants/DoubleValue done
Event: 77.744 Executing VM operation: ICBufferFull
Event: 77.745 Executing VM operation: ICBufferFull done
Event: 77.771 loading class org/jetbrains/kotlin/types/TypeConstructor
Event: 77.771 loading class org/jetbrains/kotlin/types/TypeConstructor done
Event: 77.772 loading class org/jetbrains/kotlin/types/TypeUnifier
Event: 77.772 loading class org/jetbrains/kotlin/types/TypeUnifier done
Event: 77.777 loading class org/jetbrains/kotlin/types/TypeUnifier$UnificationResult
Event: 77.777 loading class org/jetbrains/kotlin/types/TypeUnifier$UnificationResult done
Event: 77.779 loading class org/jetbrains/kotlin/types/TypeUnifier$UnificationResultImpl
Event: 77.779 loading class org/jetbrains/kotlin/types/TypeUnifier$UnificationResultImpl done
Event: 78.739 Executing VM operation: ICBufferFull
Event: 78.739 Executing VM operation: ICBufferFull done
Event: 78.849 Executing VM operation: G1CollectForAllocation
Event: 78.873 Executing VM operation: G1CollectForAllocation done
Event: 78.880 loading class java/lang/Short$ShortCache
Event: 78.886 loading class java/lang/Short$ShortCache done


Dynamic libraries:
0x00007ff61efd0000 - 0x00007ff61efdd000 	C:\Program Files\Eclipse Adoptium\jdk-11.0.17.8-hotspot\bin\java.exe
0x00007ffaf9410000 - 0x00007ffaf9608000 	C:\WINDOWS\SYSTEM32\ntdll.dll
0x00007ffaf7bb0000 - 0x00007ffaf7c6f000 	C:\WINDOWS\System32\KERNEL32.DLL
0x00007ffaf6e40000 - 0x00007ffaf7136000 	C:\WINDOWS\System32\KERNELBASE.dll
0x00007ffaf6d40000 - 0x00007ffaf6e40000 	C:\WINDOWS\System32\ucrtbase.dll
0x00007ffad7870000 - 0x00007ffad7885000 	C:\Program Files\Eclipse Adoptium\jdk-11.0.17.8-hotspot\bin\VCRUNTIME140.dll
0x00007ffac48d0000 - 0x00007ffac48e7000 	C:\Program Files\Eclipse Adoptium\jdk-11.0.17.8-hotspot\bin\jli.dll
0x00007ffaf78c0000 - 0x00007ffaf7a5d000 	C:\WINDOWS\System32\USER32.dll
0x00007ffaf7330000 - 0x00007ffaf7352000 	C:\WINDOWS\System32\win32u.dll
0x00007ffaf9270000 - 0x00007ffaf929c000 	C:\WINDOWS\System32\GDI32.dll
0x00007ffaf6b40000 - 0x00007ffaf6c55000 	C:\WINDOWS\System32\gdi32full.dll
0x00007ffaf7360000 - 0x00007ffaf73fd000 	C:\WINDOWS\System32\msvcp_win.dll
0x00007ffaed4b0000 - 0x00007ffaed74a000 	C:\WINDOWS\WinSxS\amd64_microsoft.windows.common-controls_6595b64144ccf1df_6.0.19041.1110_none_60b5254171f9507e\COMCTL32.dll
0x00007ffaf7520000 - 0x00007ffaf75be000 	C:\WINDOWS\System32\msvcrt.dll
0x00007ffaf75c0000 - 0x00007ffaf75f0000 	C:\WINDOWS\System32\IMM32.DLL
0x00007ffabb140000 - 0x00007ffabb1db000 	C:\Program Files\Eclipse Adoptium\jdk-11.0.17.8-hotspot\bin\msvcp140.dll
0x00007ffa71e00000 - 0x00007ffa72982000 	C:\Program Files\Eclipse Adoptium\jdk-11.0.17.8-hotspot\bin\server\jvm.dll
0x00007ffaf7470000 - 0x00007ffaf751f000 	C:\WINDOWS\System32\ADVAPI32.dll
0x00007ffaf8500000 - 0x00007ffaf859c000 	C:\WINDOWS\System32\sechost.dll
0x00007ffaf7a80000 - 0x00007ffaf7ba6000 	C:\WINDOWS\System32\RPCRT4.dll
0x00007ffaf86d0000 - 0x00007ffaf86d8000 	C:\WINDOWS\System32\PSAPI.DLL
0x00007ffaec110000 - 0x00007ffaec119000 	C:\WINDOWS\SYSTEM32\WSOCK32.dll
0x00007ffaf8d30000 - 0x00007ffaf8d9b000 	C:\WINDOWS\System32\WS2_32.dll
0x00007ffaea6a0000 - 0x00007ffaea6c7000 	C:\WINDOWS\SYSTEM32\WINMM.dll
0x00007ffaf0fa0000 - 0x00007ffaf0faa000 	C:\WINDOWS\SYSTEM32\VERSION.dll
0x00007ffaf5390000 - 0x00007ffaf53a2000 	C:\WINDOWS\SYSTEM32\kernel.appcore.dll
0x00007ffae3450000 - 0x00007ffae3460000 	C:\Program Files\Eclipse Adoptium\jdk-11.0.17.8-hotspot\bin\verify.dll
0x00007ffaf48a0000 - 0x00007ffaf4a84000 	C:\WINDOWS\SYSTEM32\DBGHELP.DLL
0x00007ffaf05f0000 - 0x00007ffaf0624000 	C:\WINDOWS\SYSTEM32\dbgcore.DLL
0x00007ffaf7140000 - 0x00007ffaf71c2000 	C:\WINDOWS\System32\bcryptPrimitives.dll
0x00007ffabb110000 - 0x00007ffabb138000 	C:\Program Files\Eclipse Adoptium\jdk-11.0.17.8-hotspot\bin\java.dll
0x00007ffad7480000 - 0x00007ffad748a000 	C:\Program Files\Eclipse Adoptium\jdk-11.0.17.8-hotspot\bin\jimage.dll
0x00007ffabb0f0000 - 0x00007ffabb108000 	C:\Program Files\Eclipse Adoptium\jdk-11.0.17.8-hotspot\bin\zip.dll
0x00007ffaf7cd0000 - 0x00007ffaf8414000 	C:\WINDOWS\System32\SHELL32.dll
0x00007ffaf4a90000 - 0x00007ffaf5223000 	C:\WINDOWS\SYSTEM32\windows.storage.dll
0x00007ffaf8810000 - 0x00007ffaf8b64000 	C:\WINDOWS\System32\combase.dll
0x00007ffaf6470000 - 0x00007ffaf649e000 	C:\WINDOWS\SYSTEM32\Wldp.dll
0x00007ffaf75f0000 - 0x00007ffaf769d000 	C:\WINDOWS\System32\SHCORE.dll
0x00007ffaf76b0000 - 0x00007ffaf7705000 	C:\WINDOWS\System32\shlwapi.dll
0x00007ffaf6a30000 - 0x00007ffaf6a4f000 	C:\WINDOWS\SYSTEM32\profapi.dll
0x00007ffaa8d60000 - 0x00007ffaa8d79000 	C:\Program Files\Eclipse Adoptium\jdk-11.0.17.8-hotspot\bin\net.dll
0x00007ffaeecd0000 - 0x00007ffaeedda000 	C:\WINDOWS\SYSTEM32\WINHTTP.dll
0x00007ffaf61d0000 - 0x00007ffaf623a000 	C:\WINDOWS\system32\mswsock.dll
0x00007ffaa8d40000 - 0x00007ffaa8d53000 	C:\Program Files\Eclipse Adoptium\jdk-11.0.17.8-hotspot\bin\nio.dll

dbghelp: loaded successfully - version: 4.0.5 - missing functions: none
symbol engine: initialized successfully - sym options: 0x614 - pdb path: .;C:\Program Files\Eclipse Adoptium\jdk-11.0.17.8-hotspot\bin;C:\WINDOWS\SYSTEM32;C:\WINDOWS\WinSxS\amd64_microsoft.windows.common-controls_6595b64144ccf1df_6.0.19041.1110_none_60b5254171f9507e;C:\Program Files\Eclipse Adoptium\jdk-11.0.17.8-hotspot\bin\server

VM Arguments:
java_command: org.jetbrains.kotlin.cli.jvm.K2JVMCompiler @D:\Fyp-Project-master\node_modules\react-native-screens\android\build\20230517_2696716222233142069.compiler.options
java_class_path (initial): C:\Users\WAJID\.gradle\caches\modules-2\files-2.1\org.jetbrains.kotlin\kotlin-compiler-embeddable\1.6.21\97bdd5a752ce73b58ef16c17bc7f0ea2faff7a2e\kotlin-compiler-embeddable-1.6.21.jar;C:\Users\WAJID\.gradle\caches\modules-2\files-2.1\org.jetbrains.kotlin\kotlin-reflect\1.6.21\5dc3574d9b7bebfcb4ec6b10ada4aaa9e140bd0b\kotlin-reflect-1.6.21.jar;C:\Users\WAJID\.gradle\caches\modules-2\files-2.1\org.jetbrains.kotlin\kotlin-stdlib\1.6.21\11ef67f1900634fd951bad28c53ec957fabbe5b8\kotlin-stdlib-1.6.21.jar;C:\Users\WAJID\.gradle\caches\modules-2\files-2.1\org.jetbrains.kotlin\kotlin-script-runtime\1.6.21\99c6675100da5d6d5b1c5a1032f27f28008d101b\kotlin-script-runtime-1.6.21.jar;C:\Users\WAJID\.gradle\caches\modules-2\files-2.1\org.jetbrains.kotlin\kotlin-daemon-embeddable\1.6.21\46b78cf392e1c4f10854c3cadba44abb7b82250f\kotlin-daemon-embeddable-1.6.21.jar;C:\Users\WAJID\.gradle\caches\modules-2\files-2.1\org.jetbrains.intellij.deps\trove4j\1.0.20200330\3afb14d5f9ceb459d724e907a21145e8ff394f02\trove4j-1.0.20200330.jar;C:\Users\WAJID\.gradle\caches\modules-2\files-2.1\net.java.dev.jna\jna\5.6.0\330f2244e9030119ab3030fc3fededc86713d9cc\jna-5.6.0.jar;C:\Users\WAJID\.gradle\caches\modules-2\files-2.1\org.jetbrains.kotlin\kotlin-stdlib-common\1.6.21\5e5b55c26dbc80372a920aef60eb774b714559b8\kotlin-stdlib-common-1.6.21.jar;C:\Users\WAJID\.gradle\caches\modules-2\files-2.1\org.jetbrains\annotations\13.0\919f0dfe192fb4e063e7dacadee7f8bb9a2672a9\annotations-13.0.jar
Launcher Type: SUN_STANDARD

[Global flags]
     intx CICompilerCount                          = 3                                         {product} {ergonomic}
     uint ConcGCThreads                            = 1                                         {product} {ergonomic}
     uint G1ConcRefinementThreads                  = 4                                         {product} {ergonomic}
   size_t G1HeapRegionSize                         = 1048576                                   {product} {ergonomic}
    uintx GCDrainStackTargetSize                   = 64                                        {product} {ergonomic}
   size_t InitialHeapSize                          = 132120576                                 {product} {ergonomic}
   size_t MarkStackSize                            = 4194304                                   {product} {ergonomic}
   size_t MaxHeapSize                              = 2113929216                                {product} {ergonomic}
   size_t MaxNewSize                               = 1267728384                                {product} {ergonomic}
   size_t MinHeapDeltaBytes                        = 1048576                                   {product} {ergonomic}
    uintx NonNMethodCodeHeapSize                   = 5830732                                {pd product} {ergonomic}
    uintx NonProfiledCodeHeapSize                  = 122913754                              {pd product} {ergonomic}
    uintx ProfiledCodeHeapSize                     = 122913754                              {pd product} {ergonomic}
    uintx ReservedCodeCacheSize                    = 251658240                              {pd product} {ergonomic}
     bool SegmentedCodeCache                       = true                                      {product} {ergonomic}
     bool UseCompressedClassPointers               = true                                 {lp64_product} {ergonomic}
     bool UseCompressedOops                        = true                                 {lp64_product} {ergonomic}
     bool UseG1GC                                  = true                                      {product} {ergonomic}
     bool UseLargePagesIndividualAllocation        = false                                  {pd product} {ergonomic}

Logging:
Log output configuration:
 #0: stdout all=warning uptime,level,tags
 #1: stderr all=off uptime,level,tags

Environment Variables:
CLASSPATH=D:\Fyp-Project-master\android\\gradle\wrapper\gradle-wrapper.jar
PATH=D:\Fyp-Project-master\android\node_modules\.bin;D:\Fyp-Project-master\node_modules\.bin;D:\node_modules\.bin;C:\Program Files\nodejs;D:\Fyp-Project-master\node_modules\.bin;D:\node_modules\.bin;C:\Program Files\nodejs\node_modules\npm\node_modules\@npmcli\run-script\lib\node-gyp-bin;C:\Python311\Scripts\;C:\Python311\;C:\Program Files\Eclipse Adoptium\jdk-11.0.17.8-hotspot\bin;C:\Program Files (x86)\Common Files\Oracle\Java\javapath;C:\WINDOWS\system32;C:\WINDOWS;C:\WINDOWS\System32\Wbem;C:\WINDOWS\System32\WindowsPowerShell\v1.0\;C:\WINDOWS\System32\OpenSSH\;C:\Program Files\Microsoft VS Code\bin;C:\Program Files\Git\cmd;C:\ProgramData\chocolatey\bin;C:\Users\WAJID\AppData\Roaming\nvm;C:\Program Files\nodejs;C:\Program Files\nodejs\;C:\Users\WAJID\AppData\Local\Microsoft\WindowsApps;C:\Program Files\MongoDB\Server\5.0\bin;C:\Users\WAJID\AppData\Roaming\nvm;C:\Program Files\nodejs;C:\Users\WAJID\AppData\Roaming\npm;C:\Users\WAJID\AppData\Local\GitHubDesktop\bin
USERNAME=WAJID
LANG=en_US.UTF-8
OS=Windows_NT
PROCESSOR_IDENTIFIER=Intel64 Family 6 Model 142 Stepping 9, GenuineIntel
TMP=C:\Users\WAJID\AppData\Local\Temp
TEMP=C:\Users\WAJID\AppData\Local\Temp



---------------  S Y S T E M  ---------------

OS: Windows 10 , 64 bit Build 19041 (10.0.19041.2913)
OS uptime: 3 days 19:54 hours

CPU:total 4 (initial active 4) (2 cores per cpu, 2 threads per core) family 6 model 142 stepping 9 microcode 0xb4, cmov, cx8, fxsr, mmx, sse, sse2, sse3, ssse3, sse4.1, sse4.2, popcnt, avx, avx2, aes, clmul, erms, 3dnowpref, lzcnt, ht, tsc, tscinvbit, bmi1, bmi2, adx, fma

Memory: 4k page, system-wide physical 8058M (87M free)
TotalPageFile size 22220M (AvailPageFile size 0M)
current process WorkingSet (physical memory assigned to process): 281M, peak: 288M
current process commit charge ("private bytes"): 383M, peak: 384M

vm_info: OpenJDK 64-Bit Server VM (11.0.17+8) for windows-amd64 JRE (11.0.17+8), built on Oct 19 2022 00:04:05 by "" with MS VC++ 15.9 (VS2017)

END.
